2026-02-28 13:54:16 [main] INFO  Log - Startign WebDriver........
2026-02-28 13:54:19 [main] INFO  Log - Navigatting to URL
2026-02-28 13:54:32 [main] INFO  Log - Starting Login Test
2026-02-28 13:54:32 [main] INFO  Log - Entring User Details
2026-02-28 14:25:21 [main] INFO  Log - Startign WebDriver........
2026-02-28 14:25:23 [main] INFO  Log - Navigatting to URL
2026-02-28 14:25:38 [main] INFO  Log - Starting Login Test
2026-02-28 14:25:38 [main] INFO  Log - Entring User Details
2026-02-28 14:47:27 [main] INFO  Log - Startign WebDriver........
2026-02-28 14:47:30 [main] INFO  Log - Navigatting to URL
2026-02-28 14:47:48 [main] INFO  Log - Starting Login Test
2026-02-28 14:47:48 [main] INFO  Log - Entring User Details
2026-02-28 14:47:51 [main] INFO  Log - Closing the driver
2026-02-28 14:53:00 [main] INFO  Log - Startign WebDriver........
2026-02-28 14:53:03 [main] INFO  Log - Navigatting to URL
2026-02-28 14:53:15 [main] INFO  Log - Starting Login Test
2026-02-28 14:53:15 [main] INFO  Log - Entring User Details
2026-02-28 14:53:18 [main] INFO  Log - Closing the driver
2026-02-28 14:53:18 [main] INFO  Log - Startign WebDriver........
2026-02-28 14:53:20 [main] INFO  Log - Navigatting to URL
2026-02-28 14:53:40 [main] INFO  Log - Starting Login Test
2026-02-28 14:53:40 [main] INFO  Log - Entring User Details
2026-02-28 14:53:42 [main] INFO  Log - Closing the driver
2026-02-28 14:57:50 [main] INFO  Log - Startign WebDriver........
2026-02-28 14:57:54 [main] INFO  Log - Navigatting to URL
2026-02-28 14:58:08 [main] INFO  Log - Starting Login Test
2026-02-28 14:58:08 [main] INFO  Log - Entring User Details
2026-02-28 14:58:10 [main] INFO  Log - Closing the driver
2026-02-28 14:58:10 [main] INFO  Log - Startign WebDriver........
2026-02-28 14:58:12 [main] INFO  Log - Navigatting to URL
2026-02-28 14:58:27 [main] INFO  Log - Starting Login Test
2026-02-28 14:58:27 [main] INFO  Log - Entring User Details
2026-02-28 14:58:29 [main] INFO  Log - Closing the driver
